2024-04-13 16:23:08,262 - INFO - solc 0.6.0 already installed at: C:\Users\lucab\.solcx\solc-v0.6.0
2024-04-13 16:23:09,147 - INFO - solc 0.6.0 already installed at: C:\Users\lucab\.solcx\solc-v0.6.0
2024-04-13 16:23:09,738 - INFO - solc 0.6.0 already installed at: C:\Users\lucab\.solcx\solc-v0.6.0
2024-04-13 16:23:24,848 - INFO - Medico: Chiamato menuMedico , Operatore: ('CFMedico1', 'Mario', 'Rossi', 'Oculista')
2024-04-13 16:23:26,430 - INFO - Medico: Chiamato _selectPaziente , Operatore: ('CFMedico1', 'Mario', 'Rossi', 'Oculista')
2024-04-13 16:23:26,430 - INFO - ControllerMedico: Chiamato datiPazientiCurati , Operatore: ('CFMedico1', 'Mario', 'Rossi', 'Oculista')
2024-04-13 16:23:26,430 - INFO - ControllerMedico: Chiamato pazientiCurati , Operatore: ('CFMedico1', 'Mario', 'Rossi', 'Oculista')
2024-04-13 16:23:28,939 - INFO - Medico: Chiamato _updateCartellaClinica , Operatore: ('CFMedico1', 'Mario', 'Rossi', 'Oculista')
2024-04-13 16:23:28,942 - INFO - Medico: Chiamato _verificaPazienteHaveCartella , Operatore: ('CFMedico1', 'Mario', 'Rossi', 'Oculista')
2024-04-13 16:23:28,942 - INFO - ControllerMedico: Chiamato pazienteHaveCartella , Operatore: ('CFMedico1', 'Mario', 'Rossi', 'Oculista')
2024-04-13 16:23:41,131 - INFO - ControllerMedico: Chiamato addFarmaco , Operatore: ('CFMedico1', 'Mario', 'Rossi', 'Oculista')
2024-04-13 16:30:16,865 - ERROR - IntegrityCheckError: Integrita on rispettata
2024-04-13 16:30:16,872 - INFO - solc 0.6.0 already installed at: C:\Users\lucab\.solcx\solc-v0.6.0
2024-04-13 16:30:22,594 - INFO - solc 0.6.0 already installed at: C:\Users\lucab\.solcx\solc-v0.6.0
2024-04-13 16:30:23,430 - INFO - solc 0.6.0 already installed at: C:\Users\lucab\.solcx\solc-v0.6.0
2024-04-13 16:30:40,689 - INFO - Medico: Chiamato menuMedico , Operatore: ('CFMedico1', 'Mario', 'Rossi', 'Oculista')
2024-04-13 16:41:50,287 - INFO - solc 0.6.0 already installed at: C:\Users\lucab\.solcx\solc-v0.6.0
2024-04-13 16:41:51,059 - INFO - solc 0.6.0 already installed at: C:\Users\lucab\.solcx\solc-v0.6.0
2024-04-13 16:41:51,651 - INFO - solc 0.6.0 already installed at: C:\Users\lucab\.solcx\solc-v0.6.0
2024-04-13 16:41:52,129 - INFO - db: Chiamato retrieve_all_rows , Porta: 3306
2024-04-13 16:41:52,691 - INFO - db: Chiamato retrieve_all_rows , Porta: 3306
2024-04-13 16:41:53,211 - INFO - db: Chiamato retrieve_all_rows , Porta: 3306
2024-04-13 16:41:55,118 - INFO - db: Chiamato retrieve_all_rows , Porta: 3306
2024-04-13 16:41:56,237 - INFO - db: Chiamato retrieve_all_rows , Porta: 3306
2024-04-13 16:41:57,485 - INFO - db: Chiamato ottieniCartelle , Porta: 3306
2024-04-13 16:41:57,818 - INFO - db: Chiamato ottieniCartelle , Porta: 3306
2024-04-13 16:41:58,679 - INFO - db: Chiamato ottieniDatiAuth , Porta: 3306
2024-04-13 16:42:08,072 - INFO - db: Chiamato gestisciAccesso , Porta: 3306
2024-04-13 16:42:08,072 - INFO - db: Chiamato ottieniDatiAuth , Porta: 3306
2024-04-13 16:42:08,164 - INFO - db: Chiamato ottieniProfessione , Porta: 3306
2024-04-13 16:42:08,164 - INFO - db: Chiamato ottieniDatiAuth , Porta: 3306
2024-04-13 16:42:08,251 - INFO - db: Chiamato ottieniCF , Porta: 3306
2024-04-13 16:42:08,252 - INFO - db: Chiamato ottieniDatiAuth , Porta: 3306
2024-04-13 16:42:08,339 - INFO - db: Chiamato ottieniDatiUtente , Porta: 3306
2024-04-13 16:42:08,464 - INFO - Medico: Chiamato menuMedico , Operatore: ('CFMedico1', 'Mario', 'Rossi', 'Oculista')
2024-04-13 16:45:19,319 - INFO - Medico: Chiamato _selectPaziente , Operatore: ('CFMedico1', 'Mario', 'Rossi', 'Oculista')
2024-04-13 16:45:19,319 - INFO - ControllerMedico: Chiamato datiPazientiCurati , Operatore: ('CFMedico1', 'Mario', 'Rossi', 'Oculista')
2024-04-13 16:45:19,319 - INFO - ControllerMedico: Chiamato pazientiCurati , Operatore: ('CFMedico1', 'Mario', 'Rossi', 'Oculista')
2024-04-13 16:45:19,320 - INFO - db: Chiamato ottieniCurati , Porta: 3306
2024-04-13 16:45:19,411 - INFO - db: Chiamato ottieniDatiUtente , Porta: 3306
2024-04-13 16:45:19,521 - INFO - db: Chiamato ottieniDatiUtente , Porta: 3306
2024-04-13 16:45:19,609 - INFO - db: Chiamato ottieniDatiUtente , Porta: 3306
2024-04-13 16:45:19,697 - INFO - db: Chiamato ottieniDatiUtente , Porta: 3306
2024-04-13 16:45:19,785 - INFO - db: Chiamato ottieniDatiUtente , Porta: 3306
2024-04-13 16:45:24,104 - INFO - Medico: Chiamato _updateCartellaClinica , Operatore: ('CFMedico1', 'Mario', 'Rossi', 'Oculista')
2024-04-13 16:45:24,108 - INFO - Medico: Chiamato _verificaPazienteHaveCartella , Operatore: ('CFMedico1', 'Mario', 'Rossi', 'Oculista')
2024-04-13 16:45:24,108 - INFO - ControllerMedico: Chiamato pazienteHaveCartella , Operatore: ('CFMedico1', 'Mario', 'Rossi', 'Oculista')
2024-04-13 16:45:24,108 - INFO - db: Chiamato retrieve_all_rows , Porta: 3306
2024-04-13 16:45:27,045 - INFO - ControllerMedico: Chiamato ottieniFarmacoPaziente , Operatore: ('CFMedico1', 'Mario', 'Rossi', 'Oculista')
2024-04-13 16:45:27,090 - INFO - db: Chiamato ottieniFarmaci , Porta: 3306
2024-04-13 16:45:31,291 - INFO - ControllerMedico: Chiamato modificaDoseFarmaco , Operatore: ('CFMedico1', 'Mario', 'Rossi', 'Oculista')
2024-04-13 16:45:31,308 - INFO - db: Chiamato modificaDosaggiofarmaco , Porta: 3306
2024-04-13 17:43:45,829 - INFO - solc 0.6.0 already installed at: C:\Users\dswal\.solcx\solc-v0.6.0
2024-04-13 17:43:46,570 - INFO - solc 0.6.0 already installed at: C:\Users\dswal\.solcx\solc-v0.6.0
2024-04-13 17:43:47,204 - INFO - solc 0.6.0 already installed at: C:\Users\dswal\.solcx\solc-v0.6.0
2024-04-13 17:43:47,870 - INFO - db: Chiamato retrieve_all_rows , Porta: 3306
2024-04-13 17:43:48,635 - INFO - db: Chiamato retrieve_all_rows , Porta: 3306
2024-04-13 17:43:49,261 - INFO - db: Chiamato retrieve_all_rows , Porta: 3306
2024-04-13 17:43:51,659 - INFO - db: Chiamato retrieve_all_rows , Porta: 3306
2024-04-13 17:43:53,023 - INFO - db: Chiamato retrieve_all_rows , Porta: 3306
2024-04-13 17:43:55,296 - INFO - db: Chiamato ottieniCartelle , Porta: 3306
2024-04-13 17:43:55,877 - INFO - db: Chiamato ottieniCartelle , Porta: 3306
2024-04-13 17:43:56,244 - INFO - db: Chiamato retrieve_all_rows , Porta: 3306
2024-04-13 17:44:28,994 - INFO - db: Chiamato ottieniDatiAuth , Porta: 3306
2024-04-13 17:44:37,551 - INFO - db: Chiamato gestisciAccesso , Porta: 3306
2024-04-13 17:44:37,551 - INFO - db: Chiamato ottieniDatiAuth , Porta: 3306
2024-04-13 17:44:37,666 - INFO - db: Chiamato ottieniProfessione , Porta: 3306
2024-04-13 17:44:37,666 - INFO - db: Chiamato ottieniDatiAuth , Porta: 3306
2024-04-13 17:44:37,771 - INFO - db: Chiamato ottieniCF , Porta: 3306
2024-04-13 17:44:37,771 - INFO - db: Chiamato ottieniDatiAuth , Porta: 3306
2024-04-13 17:44:37,875 - INFO - db: Chiamato ottieniDatiUtente , Porta: 3306
2024-04-13 17:44:40,731 - INFO - db: Chiamato ottieniAssistiti , Porta: 3306
2024-04-13 17:44:40,840 - INFO - db: Chiamato ottieniDatiUtente , Porta: 3306
2024-04-13 17:44:40,942 - INFO - db: Chiamato ottieniDatiUtente , Porta: 3306
2024-04-13 17:44:41,052 - INFO - db: Chiamato ottieniDatiUtente , Porta: 3306
2024-04-13 17:44:44,533 - INFO - db: Chiamato ottieniDatiUtente , Porta: 3306
2024-04-13 17:45:41,752 - INFO - solc 0.6.0 already installed at: C:\Users\dswal\.solcx\solc-v0.6.0
2024-04-13 17:45:42,557 - INFO - solc 0.6.0 already installed at: C:\Users\dswal\.solcx\solc-v0.6.0
2024-04-13 17:45:43,274 - INFO - solc 0.6.0 already installed at: C:\Users\dswal\.solcx\solc-v0.6.0
2024-04-13 17:45:48,904 - INFO - db: Chiamato retrieve_all_rows , Porta: 3306
2024-04-13 17:45:49,581 - INFO - db: Chiamato retrieve_all_rows , Porta: 3306
2024-04-13 17:45:50,214 - INFO - db: Chiamato retrieve_all_rows , Porta: 3306
2024-04-13 17:45:52,474 - INFO - db: Chiamato retrieve_all_rows , Porta: 3306
2024-04-13 17:45:53,818 - INFO - db: Chiamato retrieve_all_rows , Porta: 3306
2024-04-13 17:45:55,188 - INFO - db: Chiamato ottieniCartelle , Porta: 3306
2024-04-13 17:45:55,561 - INFO - db: Chiamato ottieniCartelle , Porta: 3306
2024-04-13 17:45:56,077 - INFO - db: Chiamato retrieve_all_rows , Porta: 3306
2024-04-13 17:46:07,320 - INFO - db: Chiamato ottieniDatiAuth , Porta: 3306
2024-04-13 17:46:15,269 - INFO - db: Chiamato gestisciAccesso , Porta: 3306
2024-04-13 17:46:15,269 - INFO - db: Chiamato ottieniDatiAuth , Porta: 3306
2024-04-13 17:46:15,361 - INFO - db: Chiamato ottieniProfessione , Porta: 3306
2024-04-13 17:46:15,361 - INFO - db: Chiamato ottieniDatiAuth , Porta: 3306
2024-04-13 17:46:15,451 - INFO - db: Chiamato ottieniCF , Porta: 3306
2024-04-13 17:46:15,451 - INFO - db: Chiamato ottieniDatiAuth , Porta: 3306
2024-04-13 17:46:15,528 - INFO - db: Chiamato ottieniDatiUtente , Porta: 3306
2024-04-13 17:46:17,503 - INFO - db: Chiamato ottieniAssistiti , Porta: 3306
2024-04-13 17:46:17,883 - INFO - db: Chiamato ottieniDatiUtente , Porta: 3306
2024-04-13 17:46:17,986 - INFO - db: Chiamato ottieniDatiUtente , Porta: 3306
2024-04-13 17:46:18,088 - INFO - db: Chiamato ottieniDatiUtente , Porta: 3306
2024-04-13 17:46:20,780 - INFO - db: Chiamato ottieniDatiUtente , Porta: 3306
2024-04-13 17:49:16,880 - INFO - solc 0.6.0 already installed at: C:\Users\dswal\.solcx\solc-v0.6.0
2024-04-13 17:49:17,621 - INFO - solc 0.6.0 already installed at: C:\Users\dswal\.solcx\solc-v0.6.0
2024-04-13 17:49:18,449 - INFO - solc 0.6.0 already installed at: C:\Users\dswal\.solcx\solc-v0.6.0
2024-04-13 17:49:19,027 - INFO - db: Chiamato retrieve_all_rows , Porta: 3306
2024-04-13 17:49:19,845 - INFO - db: Chiamato retrieve_all_rows , Porta: 3306
2024-04-13 17:49:20,545 - INFO - db: Chiamato retrieve_all_rows , Porta: 3306
2024-04-13 17:49:23,064 - INFO - db: Chiamato retrieve_all_rows , Porta: 3306
2024-04-13 17:49:24,475 - INFO - db: Chiamato retrieve_all_rows , Porta: 3306
2024-04-13 17:49:25,913 - INFO - db: Chiamato ottieniCartelle , Porta: 3306
2024-04-13 17:49:26,304 - INFO - db: Chiamato ottieniCartelle , Porta: 3306
2024-04-13 17:49:27,018 - INFO - db: Chiamato retrieve_all_rows , Porta: 3306
2024-04-13 17:49:48,204 - INFO - db: Chiamato ottieniDatiAuth , Porta: 3306
2024-04-13 17:50:02,586 - INFO - db: Chiamato gestisciAccesso , Porta: 3306
2024-04-13 17:50:02,586 - INFO - db: Chiamato ottieniDatiAuth , Porta: 3306
2024-04-13 17:50:02,694 - INFO - db: Chiamato ottieniProfessione , Porta: 3306
2024-04-13 17:50:02,694 - INFO - db: Chiamato ottieniDatiAuth , Porta: 3306
2024-04-13 17:50:02,782 - INFO - db: Chiamato ottieniCF , Porta: 3306
2024-04-13 17:50:02,782 - INFO - db: Chiamato ottieniDatiAuth , Porta: 3306
2024-04-13 17:50:02,885 - INFO - db: Chiamato ottieniDatiUtente , Porta: 3306
2024-04-13 17:50:07,923 - INFO - db: Chiamato ottieniAssistiti , Porta: 3306
2024-04-13 17:50:08,325 - INFO - db: Chiamato ottieniDatiUtente , Porta: 3306
2024-04-13 17:50:08,641 - INFO - db: Chiamato ottieniDatiUtente , Porta: 3306
2024-04-13 17:50:09,040 - INFO - db: Chiamato ottieniDatiUtente , Porta: 3306
2024-04-13 17:50:11,233 - INFO - db: Chiamato ottieniDatiUtente , Porta: 3306
2024-04-13 17:51:13,838 - INFO - solc 0.6.0 already installed at: C:\Users\dswal\.solcx\solc-v0.6.0
2024-04-13 17:51:14,485 - INFO - solc 0.6.0 already installed at: C:\Users\dswal\.solcx\solc-v0.6.0
2024-04-13 17:51:15,150 - INFO - solc 0.6.0 already installed at: C:\Users\dswal\.solcx\solc-v0.6.0
2024-04-13 17:51:15,864 - INFO - db: Chiamato retrieve_all_rows , Porta: 3306
2024-04-13 17:51:16,573 - INFO - db: Chiamato retrieve_all_rows , Porta: 3306
2024-04-13 17:51:17,216 - INFO - db: Chiamato retrieve_all_rows , Porta: 3306
2024-04-13 17:51:19,704 - INFO - db: Chiamato retrieve_all_rows , Porta: 3306
2024-04-13 17:51:21,103 - INFO - db: Chiamato retrieve_all_rows , Porta: 3306
2024-04-13 17:51:22,706 - INFO - db: Chiamato ottieniCartelle , Porta: 3306
2024-04-13 17:51:23,084 - INFO - db: Chiamato ottieniCartelle , Porta: 3306
2024-04-13 17:51:23,455 - INFO - db: Chiamato retrieve_all_rows , Porta: 3306
2024-04-13 17:51:43,112 - INFO - db: Chiamato ottieniDatiAuth , Porta: 3306
2024-04-13 17:51:51,437 - INFO - db: Chiamato gestisciAccesso , Porta: 3306
2024-04-13 17:51:51,437 - INFO - db: Chiamato ottieniDatiAuth , Porta: 3306
2024-04-13 17:51:51,530 - INFO - db: Chiamato ottieniProfessione , Porta: 3306
2024-04-13 17:51:51,530 - INFO - db: Chiamato ottieniDatiAuth , Porta: 3306
2024-04-13 17:51:51,642 - INFO - db: Chiamato ottieniCF , Porta: 3306
2024-04-13 17:51:51,642 - INFO - db: Chiamato ottieniDatiAuth , Porta: 3306
2024-04-13 17:51:51,736 - INFO - db: Chiamato ottieniDatiUtente , Porta: 3306
2024-04-13 17:52:02,624 - INFO - db: Chiamato ottieniAssistiti , Porta: 3306
2024-04-13 17:52:02,764 - INFO - db: Chiamato ottieniDatiUtente , Porta: 3306
2024-04-13 17:52:02,867 - INFO - db: Chiamato ottieniDatiUtente , Porta: 3306
2024-04-13 17:52:02,917 - INFO - db: Chiamato ottieniDatiUtente , Porta: 3306
2024-04-13 17:52:05,178 - INFO - db: Chiamato ottieniDatiUtente , Porta: 3306
2024-04-13 17:55:17,005 - INFO - solc 0.6.0 already installed at: C:\Users\dswal\.solcx\solc-v0.6.0
2024-04-13 17:55:22,698 - INFO - solc 0.6.0 already installed at: C:\Users\dswal\.solcx\solc-v0.6.0
2024-04-13 17:55:23,979 - INFO - solc 0.6.0 already installed at: C:\Users\dswal\.solcx\solc-v0.6.0
2024-04-13 17:55:24,947 - INFO - db: Chiamato retrieve_all_rows , Porta: 3306
2024-04-13 17:55:26,366 - INFO - db: Chiamato retrieve_all_rows , Porta: 3306
2024-04-13 17:55:26,997 - INFO - db: Chiamato retrieve_all_rows , Porta: 3306
2024-04-13 17:55:45,027 - INFO - solc 0.6.0 already installed at: C:\Users\dswal\.solcx\solc-v0.6.0
2024-04-13 17:55:45,635 - INFO - solc 0.6.0 already installed at: C:\Users\dswal\.solcx\solc-v0.6.0
2024-04-13 17:55:46,405 - INFO - solc 0.6.0 already installed at: C:\Users\dswal\.solcx\solc-v0.6.0
2024-04-13 17:55:47,119 - INFO - db: Chiamato retrieve_all_rows , Porta: 3306
2024-04-13 17:55:47,869 - INFO - db: Chiamato retrieve_all_rows , Porta: 3306
2024-04-13 17:55:48,512 - INFO - db: Chiamato retrieve_all_rows , Porta: 3306
2024-04-13 17:55:50,948 - INFO - db: Chiamato retrieve_all_rows , Porta: 3306
2024-04-13 17:55:52,481 - INFO - db: Chiamato retrieve_all_rows , Porta: 3306
2024-04-13 17:55:53,892 - INFO - db: Chiamato ottieniCartelle , Porta: 3306
2024-04-13 17:55:54,242 - INFO - db: Chiamato ottieniCartelle , Porta: 3306
2024-04-13 17:55:54,673 - INFO - db: Chiamato retrieve_all_rows , Porta: 3306
2024-04-13 17:56:05,564 - INFO - db: Chiamato ottieniDatiAuth , Porta: 3306
2024-04-13 17:56:12,139 - INFO - db: Chiamato gestisciAccesso , Porta: 3306
2024-04-13 17:56:12,139 - INFO - db: Chiamato ottieniDatiAuth , Porta: 3306
2024-04-13 17:56:12,232 - INFO - db: Chiamato ottieniProfessione , Porta: 3306
2024-04-13 17:56:12,232 - INFO - db: Chiamato ottieniDatiAuth , Porta: 3306
2024-04-13 17:56:12,309 - INFO - db: Chiamato ottieniCF , Porta: 3306
2024-04-13 17:56:12,310 - INFO - db: Chiamato ottieniDatiAuth , Porta: 3306
2024-04-13 17:56:12,358 - INFO - db: Chiamato ottieniDatiUtente , Porta: 3306
2024-04-13 17:56:15,329 - INFO - db: Chiamato ottieniAssistiti , Porta: 3306
2024-04-13 17:56:15,430 - INFO - db: Chiamato ottieniDatiUtente , Porta: 3306
2024-04-13 17:56:15,509 - INFO - db: Chiamato ottieniDatiUtente , Porta: 3306
2024-04-13 17:56:15,610 - INFO - db: Chiamato ottieniDatiUtente , Porta: 3306
2024-04-13 17:56:17,860 - INFO - db: Chiamato ottieniDatiUtente , Porta: 3306
2024-04-13 17:59:34,723 - INFO - solc 0.6.0 already installed at: C:\Users\dswal\.solcx\solc-v0.6.0
2024-04-13 17:59:35,578 - INFO - solc 0.6.0 already installed at: C:\Users\dswal\.solcx\solc-v0.6.0
2024-04-13 17:59:36,443 - INFO - solc 0.6.0 already installed at: C:\Users\dswal\.solcx\solc-v0.6.0
2024-04-13 17:59:37,209 - INFO - db: Chiamato retrieve_all_rows , Porta: 3306
2024-04-13 17:59:37,970 - INFO - db: Chiamato retrieve_all_rows , Porta: 3306
2024-04-13 17:59:38,618 - INFO - db: Chiamato retrieve_all_rows , Porta: 3306
2024-04-13 17:59:41,211 - INFO - db: Chiamato retrieve_all_rows , Porta: 3306
2024-04-13 17:59:42,727 - INFO - db: Chiamato retrieve_all_rows , Porta: 3306
2024-04-13 17:59:44,133 - INFO - db: Chiamato ottieniCartelle , Porta: 3306
2024-04-13 17:59:44,555 - INFO - db: Chiamato ottieniCartelle , Porta: 3306
2024-04-13 17:59:44,973 - INFO - db: Chiamato retrieve_all_rows , Porta: 3306
2024-04-13 18:00:16,363 - INFO - db: Chiamato ottieniDatiAuth , Porta: 3306
2024-04-13 18:00:23,500 - INFO - db: Chiamato gestisciAccesso , Porta: 3306
2024-04-13 18:00:23,500 - INFO - db: Chiamato ottieniDatiAuth , Porta: 3306
2024-04-13 18:00:23,629 - INFO - db: Chiamato ottieniProfessione , Porta: 3306
2024-04-13 18:00:23,629 - INFO - db: Chiamato ottieniDatiAuth , Porta: 3306
2024-04-13 18:00:23,843 - INFO - db: Chiamato ottieniCF , Porta: 3306
2024-04-13 18:00:23,843 - INFO - db: Chiamato ottieniDatiAuth , Porta: 3306
2024-04-13 18:00:23,939 - INFO - db: Chiamato ottieniDatiUtente , Porta: 3306
2024-04-13 18:00:28,984 - INFO - db: Chiamato ottieniAssistiti , Porta: 3306
2024-04-13 18:00:29,877 - INFO - db: Chiamato ottieniDatiUtente , Porta: 3306
2024-04-13 18:00:30,083 - INFO - db: Chiamato ottieniDatiUtente , Porta: 3306
2024-04-13 18:00:30,172 - INFO - db: Chiamato ottieniDatiUtente , Porta: 3306
2024-04-13 18:00:31,892 - INFO - db: Chiamato ottieniDatiUtente , Porta: 3306
2024-04-13 18:02:30,163 - INFO - solc 0.6.0 already installed at: C:\Users\dswal\.solcx\solc-v0.6.0
2024-04-13 18:02:30,909 - INFO - solc 0.6.0 already installed at: C:\Users\dswal\.solcx\solc-v0.6.0
2024-04-13 18:02:31,727 - INFO - solc 0.6.0 already installed at: C:\Users\dswal\.solcx\solc-v0.6.0
2024-04-13 18:02:32,518 - INFO - db: Chiamato retrieve_all_rows , Porta: 3306
2024-04-13 18:02:33,145 - INFO - db: Chiamato retrieve_all_rows , Porta: 3306
2024-04-13 18:02:33,820 - INFO - db: Chiamato retrieve_all_rows , Porta: 3306
2024-04-13 18:02:36,307 - INFO - db: Chiamato retrieve_all_rows , Porta: 3306
2024-04-13 18:02:37,669 - INFO - db: Chiamato retrieve_all_rows , Porta: 3306
2024-04-13 18:02:39,128 - INFO - db: Chiamato ottieniCartelle , Porta: 3306
2024-04-13 18:02:39,502 - INFO - db: Chiamato ottieniCartelle , Porta: 3306
2024-04-13 18:02:39,890 - INFO - db: Chiamato retrieve_all_rows , Porta: 3306
2024-04-13 18:02:47,225 - INFO - db: Chiamato ottieniDatiAuth , Porta: 3306
2024-04-13 18:02:57,257 - INFO - db: Chiamato gestisciAccesso , Porta: 3306
2024-04-13 18:02:57,257 - INFO - db: Chiamato ottieniDatiAuth , Porta: 3306
2024-04-13 18:02:57,399 - INFO - db: Chiamato ottieniProfessione , Porta: 3306
2024-04-13 18:02:57,399 - INFO - db: Chiamato ottieniDatiAuth , Porta: 3306
2024-04-13 18:02:57,502 - INFO - db: Chiamato ottieniCF , Porta: 3306
2024-04-13 18:02:57,502 - INFO - db: Chiamato ottieniDatiAuth , Porta: 3306
2024-04-13 18:02:57,603 - INFO - db: Chiamato ottieniDatiUtente , Porta: 3306
2024-04-13 18:03:02,724 - INFO - db: Chiamato ottieniAssistiti , Porta: 3306
2024-04-13 18:03:03,338 - INFO - db: Chiamato ottieniDatiUtente , Porta: 3306
2024-04-13 18:03:03,850 - INFO - db: Chiamato ottieniDatiUtente , Porta: 3306
2024-04-13 18:03:03,953 - INFO - db: Chiamato ottieniDatiUtente , Porta: 3306
2024-04-13 18:03:06,243 - INFO - db: Chiamato ottieniDatiUtente , Porta: 3306
2024-04-13 18:04:35,879 - INFO - solc 0.6.0 already installed at: C:\Users\dswal\.solcx\solc-v0.6.0
2024-04-13 18:04:36,629 - INFO - solc 0.6.0 already installed at: C:\Users\dswal\.solcx\solc-v0.6.0
2024-04-13 18:04:37,292 - INFO - solc 0.6.0 already installed at: C:\Users\dswal\.solcx\solc-v0.6.0
2024-04-13 18:04:38,366 - INFO - db: Chiamato retrieve_all_rows , Porta: 3306
2024-04-13 18:04:39,165 - INFO - db: Chiamato retrieve_all_rows , Porta: 3306
2024-04-13 18:04:39,908 - INFO - db: Chiamato retrieve_all_rows , Porta: 3306
2024-04-13 18:04:42,440 - INFO - db: Chiamato retrieve_all_rows , Porta: 3306
2024-04-13 18:04:44,439 - INFO - db: Chiamato retrieve_all_rows , Porta: 3306
2024-04-13 18:04:46,194 - INFO - db: Chiamato ottieniCartelle , Porta: 3306
2024-04-13 18:04:46,619 - INFO - db: Chiamato ottieniCartelle , Porta: 3306
2024-04-13 18:04:47,080 - INFO - db: Chiamato retrieve_all_rows , Porta: 3306
2024-04-13 18:04:49,631 - INFO - solc 0.6.0 already installed at: C:\Users\dswal\.solcx\solc-v0.6.0
2024-04-13 18:04:55,673 - INFO - solc 0.6.0 already installed at: C:\Users\dswal\.solcx\solc-v0.6.0
2024-04-13 18:04:56,390 - INFO - solc 0.6.0 already installed at: C:\Users\dswal\.solcx\solc-v0.6.0
2024-04-13 18:04:57,105 - INFO - db: Chiamato retrieve_all_rows , Porta: 3306
2024-04-13 18:04:58,357 - INFO - db: Chiamato retrieve_all_rows , Porta: 3306
2024-04-13 18:04:59,441 - INFO - db: Chiamato retrieve_all_rows , Porta: 3306
2024-04-13 18:05:03,453 - INFO - db: Chiamato retrieve_all_rows , Porta: 3306
2024-04-13 18:05:05,635 - INFO - db: Chiamato retrieve_all_rows , Porta: 3306
2024-04-13 18:05:07,955 - INFO - db: Chiamato ottieniCartelle , Porta: 3306
2024-04-13 18:05:08,561 - INFO - db: Chiamato ottieniCartelle , Porta: 3306
2024-04-13 18:05:09,198 - INFO - db: Chiamato retrieve_all_rows , Porta: 3306
2024-04-13 18:05:15,479 - INFO - db: Chiamato ottieniDatiAuth , Porta: 3306
2024-04-13 18:05:22,291 - INFO - db: Chiamato gestisciAccesso , Porta: 3306
2024-04-13 18:05:22,292 - INFO - db: Chiamato ottieniDatiAuth , Porta: 3306
2024-04-13 18:05:22,447 - INFO - db: Chiamato ottieniProfessione , Porta: 3306
2024-04-13 18:05:22,447 - INFO - db: Chiamato ottieniDatiAuth , Porta: 3306
2024-04-13 18:05:22,630 - INFO - db: Chiamato ottieniCF , Porta: 3306
2024-04-13 18:05:22,631 - INFO - db: Chiamato ottieniDatiAuth , Porta: 3306
2024-04-13 18:05:22,775 - INFO - db: Chiamato ottieniDatiUtente , Porta: 3306
2024-04-13 18:05:26,306 - INFO - db: Chiamato ottieniAssistiti , Porta: 3306
2024-04-13 18:05:26,697 - INFO - db: Chiamato ottieniDatiUtente , Porta: 3306
2024-04-13 18:05:26,902 - INFO - db: Chiamato ottieniDatiUtente , Porta: 3306
2024-04-13 18:05:27,006 - INFO - db: Chiamato ottieniDatiUtente , Porta: 3306
2024-04-13 18:05:29,315 - INFO - db: Chiamato ottieniDatiUtente , Porta: 3306
2024-04-13 18:07:31,303 - INFO - solc 0.6.0 already installed at: C:\Users\dswal\.solcx\solc-v0.6.0
2024-04-13 18:07:37,005 - INFO - solc 0.6.0 already installed at: C:\Users\dswal\.solcx\solc-v0.6.0
2024-04-13 18:07:37,873 - INFO - solc 0.6.0 already installed at: C:\Users\dswal\.solcx\solc-v0.6.0
2024-04-13 18:07:38,894 - INFO - db: Chiamato retrieve_all_rows , Porta: 3306
2024-04-13 18:07:40,005 - INFO - db: Chiamato retrieve_all_rows , Porta: 3306
2024-04-13 18:07:41,072 - INFO - db: Chiamato retrieve_all_rows , Porta: 3306
2024-04-13 18:07:45,026 - INFO - db: Chiamato retrieve_all_rows , Porta: 3306
2024-04-13 18:07:47,129 - INFO - db: Chiamato retrieve_all_rows , Porta: 3306
2024-04-13 18:07:49,305 - INFO - db: Chiamato ottieniCartelle , Porta: 3306
2024-04-13 18:07:49,965 - INFO - db: Chiamato ottieniCartelle , Porta: 3306
2024-04-13 18:07:50,545 - INFO - db: Chiamato retrieve_all_rows , Porta: 3306
2024-04-13 18:07:56,956 - INFO - db: Chiamato ottieniDatiAuth , Porta: 3306
2024-04-13 18:08:04,783 - INFO - db: Chiamato gestisciAccesso , Porta: 3306
2024-04-13 18:08:04,783 - INFO - db: Chiamato ottieniDatiAuth , Porta: 3306
2024-04-13 18:08:30,500 - INFO - solc 0.6.0 already installed at: C:\Users\dswal\.solcx\solc-v0.6.0
2024-04-13 18:08:31,531 - INFO - solc 0.6.0 already installed at: C:\Users\dswal\.solcx\solc-v0.6.0
2024-04-13 18:08:32,791 - INFO - solc 0.6.0 already installed at: C:\Users\dswal\.solcx\solc-v0.6.0
2024-04-13 18:08:38,440 - INFO - db: Chiamato retrieve_all_rows , Porta: 3306
2024-04-13 18:08:39,228 - INFO - db: Chiamato retrieve_all_rows , Porta: 3306
2024-04-13 18:08:39,916 - INFO - db: Chiamato retrieve_all_rows , Porta: 3306
2024-04-13 18:08:42,285 - INFO - db: Chiamato retrieve_all_rows , Porta: 3306
2024-04-13 18:08:43,625 - INFO - db: Chiamato retrieve_all_rows , Porta: 3306
2024-04-13 18:08:44,991 - INFO - db: Chiamato ottieniCartelle , Porta: 3306
2024-04-13 18:08:45,427 - INFO - db: Chiamato ottieniCartelle , Porta: 3306
2024-04-13 18:08:45,843 - INFO - db: Chiamato retrieve_all_rows , Porta: 3306
2024-04-13 18:08:55,200 - INFO - db: Chiamato ottieniDatiAuth , Porta: 3306
2024-04-13 18:09:03,536 - INFO - db: Chiamato gestisciAccesso , Porta: 3306
2024-04-13 18:09:03,537 - INFO - db: Chiamato ottieniDatiAuth , Porta: 3306
2024-04-13 18:09:03,716 - INFO - db: Chiamato ottieniProfessione , Porta: 3306
2024-04-13 18:09:03,716 - INFO - db: Chiamato ottieniDatiAuth , Porta: 3306
2024-04-13 18:09:03,812 - INFO - db: Chiamato ottieniCF , Porta: 3306
2024-04-13 18:09:03,812 - INFO - db: Chiamato ottieniDatiAuth , Porta: 3306
2024-04-13 18:09:03,914 - INFO - db: Chiamato ottieniDatiUtente , Porta: 3306
2024-04-13 18:09:11,844 - INFO - db: Chiamato ottieniAssistiti , Porta: 3306
2024-04-13 18:09:11,971 - INFO - db: Chiamato ottieniDatiUtente , Porta: 3306
2024-04-13 18:09:12,073 - INFO - db: Chiamato ottieniDatiUtente , Porta: 3306
2024-04-13 18:09:12,123 - INFO - db: Chiamato ottieniDatiUtente , Porta: 3306
2024-04-13 18:09:14,212 - INFO - db: Chiamato ottieniDatiUtente , Porta: 3306
2024-04-13 18:12:51,803 - INFO - solc 0.6.0 already installed at: C:\Users\dswal\.solcx\solc-v0.6.0
2024-04-13 18:12:52,465 - INFO - solc 0.6.0 already installed at: C:\Users\dswal\.solcx\solc-v0.6.0
2024-04-13 18:12:53,497 - INFO - solc 0.6.0 already installed at: C:\Users\dswal\.solcx\solc-v0.6.0
2024-04-13 18:12:54,176 - INFO - db: Chiamato retrieve_all_rows , Porta: 3306
2024-04-13 18:12:54,921 - INFO - db: Chiamato retrieve_all_rows , Porta: 3306
2024-04-13 18:12:55,684 - INFO - db: Chiamato retrieve_all_rows , Porta: 3306
2024-04-13 18:12:58,527 - INFO - db: Chiamato retrieve_all_rows , Porta: 3306
2024-04-13 18:13:00,320 - INFO - db: Chiamato retrieve_all_rows , Porta: 3306
2024-04-13 18:13:02,138 - INFO - db: Chiamato ottieniCartelle , Porta: 3306
2024-04-13 18:13:02,792 - INFO - db: Chiamato ottieniCartelle , Porta: 3306
2024-04-13 18:13:03,263 - INFO - db: Chiamato retrieve_all_rows , Porta: 3306
2024-04-13 18:13:16,572 - INFO - db: Chiamato ottieniDatiAuth , Porta: 3306
2024-04-13 18:13:25,304 - INFO - db: Chiamato gestisciAccesso , Porta: 3306
2024-04-13 18:13:25,305 - INFO - db: Chiamato ottieniDatiAuth , Porta: 3306
2024-04-13 18:13:25,715 - INFO - db: Chiamato ottieniProfessione , Porta: 3306
2024-04-13 18:13:25,716 - INFO - db: Chiamato ottieniDatiAuth , Porta: 3306
2024-04-13 18:13:25,766 - INFO - db: Chiamato ottieniCF , Porta: 3306
2024-04-13 18:13:25,766 - INFO - db: Chiamato ottieniDatiAuth , Porta: 3306
2024-04-13 18:13:25,867 - INFO - db: Chiamato ottieniDatiUtente , Porta: 3306
2024-04-13 18:13:31,833 - INFO - db: Chiamato ottieniAssistiti , Porta: 3306
2024-04-13 18:13:31,909 - INFO - db: Chiamato ottieniDatiUtente , Porta: 3306
2024-04-13 18:13:31,989 - INFO - db: Chiamato ottieniDatiUtente , Porta: 3306
2024-04-13 18:13:32,090 - INFO - db: Chiamato ottieniDatiUtente , Porta: 3306
2024-04-13 18:13:34,817 - INFO - db: Chiamato ottieniDatiUtente , Porta: 3306
2024-04-13 18:15:04,489 - INFO - solc 0.6.0 already installed at: C:\Users\dswal\.solcx\solc-v0.6.0
2024-04-13 18:15:05,255 - INFO - solc 0.6.0 already installed at: C:\Users\dswal\.solcx\solc-v0.6.0
2024-04-13 18:15:06,327 - INFO - solc 0.6.0 already installed at: C:\Users\dswal\.solcx\solc-v0.6.0
2024-04-13 18:15:07,295 - INFO - db: Chiamato retrieve_all_rows , Porta: 3306
2024-04-13 18:15:08,047 - INFO - db: Chiamato retrieve_all_rows , Porta: 3306
2024-04-13 18:15:08,734 - INFO - db: Chiamato retrieve_all_rows , Porta: 3306
2024-04-13 18:15:11,252 - INFO - db: Chiamato retrieve_all_rows , Porta: 3306
2024-04-13 18:15:13,250 - INFO - db: Chiamato retrieve_all_rows , Porta: 3306
2024-04-13 18:15:14,981 - INFO - db: Chiamato ottieniCartelle , Porta: 3306
2024-04-13 18:15:15,440 - INFO - db: Chiamato ottieniCartelle , Porta: 3306
2024-04-13 18:15:15,837 - INFO - db: Chiamato retrieve_all_rows , Porta: 3306
2024-04-13 18:15:26,140 - INFO - db: Chiamato ottieniDatiAuth , Porta: 3306
2024-04-13 18:15:32,238 - INFO - db: Chiamato gestisciAccesso , Porta: 3306
2024-04-13 18:15:32,239 - INFO - db: Chiamato ottieniDatiAuth , Porta: 3306
2024-04-13 18:15:32,331 - INFO - db: Chiamato ottieniProfessione , Porta: 3306
2024-04-13 18:15:32,331 - INFO - db: Chiamato ottieniDatiAuth , Porta: 3306
2024-04-13 18:15:32,408 - INFO - db: Chiamato ottieniCF , Porta: 3306
2024-04-13 18:15:32,408 - INFO - db: Chiamato ottieniDatiAuth , Porta: 3306
2024-04-13 18:15:32,511 - INFO - db: Chiamato ottieniDatiUtente , Porta: 3306
2024-04-13 18:15:35,063 - INFO - db: Chiamato ottieniAssistiti , Porta: 3306
2024-04-13 18:15:35,351 - INFO - db: Chiamato ottieniDatiUtente , Porta: 3306
2024-04-13 18:15:35,660 - INFO - db: Chiamato ottieniDatiUtente , Porta: 3306
2024-04-13 18:15:35,762 - INFO - db: Chiamato ottieniDatiUtente , Porta: 3306
2024-04-13 18:15:37,767 - INFO - db: Chiamato ottieniDatiUtente , Porta: 3306
2024-04-13 18:16:46,739 - INFO - solc 0.6.0 already installed at: C:\Users\dswal\.solcx\solc-v0.6.0
2024-04-13 18:16:47,546 - INFO - solc 0.6.0 already installed at: C:\Users\dswal\.solcx\solc-v0.6.0
2024-04-13 18:16:48,160 - INFO - solc 0.6.0 already installed at: C:\Users\dswal\.solcx\solc-v0.6.0
2024-04-13 18:16:48,875 - INFO - db: Chiamato retrieve_all_rows , Porta: 3306
2024-04-13 18:16:49,652 - INFO - db: Chiamato retrieve_all_rows , Porta: 3306
2024-04-13 18:16:50,301 - INFO - db: Chiamato retrieve_all_rows , Porta: 3306
2024-04-13 18:16:52,685 - INFO - db: Chiamato retrieve_all_rows , Porta: 3306
2024-04-13 18:16:54,132 - INFO - db: Chiamato retrieve_all_rows , Porta: 3306
2024-04-13 18:16:55,728 - INFO - db: Chiamato ottieniCartelle , Porta: 3306
2024-04-13 18:16:56,126 - INFO - db: Chiamato ottieniCartelle , Porta: 3306
2024-04-13 18:16:56,491 - INFO - db: Chiamato retrieve_all_rows , Porta: 3306
2024-04-13 18:19:34,621 - INFO - db: Chiamato ottieniDatiAuth , Porta: 3306
2024-04-13 18:19:47,286 - INFO - db: Chiamato gestisciAccesso , Porta: 3306
2024-04-13 18:19:47,287 - INFO - db: Chiamato ottieniDatiAuth , Porta: 3306
2024-04-13 18:20:03,261 - INFO - db: Chiamato gestisciAccesso , Porta: 3306
2024-04-13 18:20:03,262 - INFO - db: Chiamato ottieniDatiAuth , Porta: 3306
2024-04-13 18:20:10,374 - INFO - db: Chiamato gestisciAccesso , Porta: 3306
2024-04-13 18:20:10,375 - INFO - db: Chiamato ottieniDatiAuth , Porta: 3306
2024-04-13 18:20:25,222 - INFO - db: Chiamato gestisciAccesso , Porta: 3306
2024-04-13 18:20:25,222 - INFO - db: Chiamato ottieniDatiAuth , Porta: 3306
2024-04-13 18:20:25,346 - INFO - db: Chiamato ottieniProfessione , Porta: 3306
2024-04-13 18:20:25,346 - INFO - db: Chiamato ottieniDatiAuth , Porta: 3306
2024-04-13 18:20:25,449 - INFO - db: Chiamato ottieniCF , Porta: 3306
2024-04-13 18:20:25,450 - INFO - db: Chiamato ottieniDatiAuth , Porta: 3306
2024-04-13 18:20:25,551 - INFO - db: Chiamato ottieniDatiUtente , Porta: 3306
2024-04-13 18:20:30,386 - INFO - db: Chiamato ottieniAssistiti , Porta: 3306
2024-04-13 18:20:30,493 - INFO - db: Chiamato ottieniDatiUtente , Porta: 3306
2024-04-13 18:20:30,596 - INFO - db: Chiamato ottieniDatiUtente , Porta: 3306
2024-04-13 18:20:30,699 - INFO - db: Chiamato ottieniDatiUtente , Porta: 3306
2024-04-13 18:20:36,132 - INFO - db: Chiamato addTupla , Porta: 3306
2024-04-13 18:20:39,688 - INFO - db: Chiamato ottieniAssistiti , Porta: 3306
2024-04-13 18:20:39,784 - INFO - db: Chiamato ottieniDatiUtente , Porta: 3306
2024-04-13 18:20:39,887 - INFO - db: Chiamato ottieniDatiUtente , Porta: 3306
2024-04-13 18:20:39,989 - INFO - db: Chiamato ottieniDatiUtente , Porta: 3306
2024-04-13 18:20:43,699 - INFO - db: Chiamato addTupla , Porta: 3306
2024-04-13 18:20:46,538 - INFO - db: Chiamato ottieniAssistiti , Porta: 3306
2024-04-13 18:20:46,785 - INFO - db: Chiamato ottieniDatiUtente , Porta: 3306
2024-04-13 18:20:46,993 - INFO - db: Chiamato ottieniDatiUtente , Porta: 3306
2024-04-13 18:20:47,085 - INFO - db: Chiamato ottieniDatiUtente , Porta: 3306
2024-04-13 18:20:56,120 - INFO - db: Chiamato ottieniDatiUtente , Porta: 3306
2024-04-13 18:20:56,402 - ERROR - IntegrityCheckError: Integrità dati: visite non rispettata !
2024-04-13 18:21:18,094 - INFO - solc 0.6.0 already installed at: C:\Users\dswal\.solcx\solc-v0.6.0
2024-04-13 18:21:18,724 - INFO - solc 0.6.0 already installed at: C:\Users\dswal\.solcx\solc-v0.6.0
2024-04-13 18:21:19,255 - INFO - solc 0.6.0 already installed at: C:\Users\dswal\.solcx\solc-v0.6.0
2024-04-13 18:21:19,924 - INFO - db: Chiamato retrieve_all_rows , Porta: 3306
2024-04-13 18:21:20,631 - INFO - db: Chiamato retrieve_all_rows , Porta: 3306
2024-04-13 18:21:21,210 - INFO - db: Chiamato retrieve_all_rows , Porta: 3306
2024-04-13 18:21:23,477 - INFO - db: Chiamato retrieve_all_rows , Porta: 3306
2024-04-13 18:21:24,948 - INFO - db: Chiamato retrieve_all_rows , Porta: 3306
2024-04-13 18:21:26,346 - INFO - db: Chiamato ottieniCartelle , Porta: 3306
2024-04-13 18:21:26,710 - INFO - db: Chiamato ottieniCartelle , Porta: 3306
2024-04-13 18:21:27,097 - INFO - db: Chiamato retrieve_all_rows , Porta: 3306
2024-04-13 18:21:32,034 - INFO - db: Chiamato ottieniDatiAuth , Porta: 3306
2024-04-13 18:21:40,625 - INFO - db: Chiamato gestisciAccesso , Porta: 3306
2024-04-13 18:21:40,625 - INFO - db: Chiamato ottieniDatiAuth , Porta: 3306
2024-04-13 18:21:40,712 - INFO - db: Chiamato ottieniProfessione , Porta: 3306
2024-04-13 18:21:40,712 - INFO - db: Chiamato ottieniDatiAuth , Porta: 3306
2024-04-13 18:21:40,814 - INFO - db: Chiamato ottieniCF , Porta: 3306
2024-04-13 18:21:40,814 - INFO - db: Chiamato ottieniDatiAuth , Porta: 3306
2024-04-13 18:21:40,916 - INFO - db: Chiamato ottieniDatiUtente , Porta: 3306
2024-04-13 18:21:43,587 - INFO - db: Chiamato ottieniAssistiti , Porta: 3306
2024-04-13 18:21:43,681 - INFO - db: Chiamato ottieniDatiUtente , Porta: 3306
2024-04-13 18:21:43,912 - INFO - db: Chiamato ottieniDatiUtente , Porta: 3306
2024-04-13 18:21:43,988 - INFO - db: Chiamato ottieniDatiUtente , Porta: 3306
2024-04-13 18:21:44,934 - INFO - db: Chiamato ottieniDatiUtente , Porta: 3306
2024-04-13 18:21:52,557 - INFO - db: Chiamato addTupla , Porta: 3306
2024-04-13 18:22:10,560 - INFO - db: Chiamato ottieniAssistiti , Porta: 3306
2024-04-13 18:22:10,737 - INFO - db: Chiamato ottieniDatiUtente , Porta: 3306
2024-04-13 18:22:10,818 - INFO - db: Chiamato ottieniDatiUtente , Porta: 3306
2024-04-13 18:22:10,920 - INFO - db: Chiamato ottieniDatiUtente , Porta: 3306
2024-04-13 18:22:11,983 - INFO - db: Chiamato ottieniDatiUtente , Porta: 3306
